<?xml version="1.0" encoding="UTF-8"?>
<!-- Generated by org.testng.reporters.JUnitReportReporter -->
<testsuite hostname="Ajay" failures="0" tests="2" name="page.object.model.CalenderWithTestNG" time="12.111" errors="0" timestamp="12 May 2024 06:47:11 GMT" skipped="0">
  <testcase classname="page.object.model.CalenderWithTestNG" name="loginDemoQAPlatform" time="9.710"/>
  <testcase classname="page.object.model.CalenderWithTestNG" name="selectCalenderinsideTable" time="2.401"/>
</testsuite> <!-- page.object.model.CalenderWithTestNG -->
