<?xml version="1.0" encoding="UTF-8"?>
<!-- Generated by org.testng.reporters.JUnitReportReporter -->
<testsuite hostname="Ajay" failures="0" tests="1" name="testCases.ApplyVerifyLeave" time="25.385" errors="0" timestamp="2024-05-27T19:51:48 IST" skipped="0">
  <testcase classname="testCases.ApplyVerifyLeave" name="loginApplyLeave" time="25.385"/>
  <system-out/>
</testsuite> <!-- testCases.ApplyVerifyLeave -->
